Sample Code/Trigger/build/outputs/logs/manifest-merger-debug-report.txt
-- Merging decision tree log ---
manifest
ADDED from Sample Code\Trigger\AndroidManifest.xml:2:1-39:12
	package
		ADDED from Sample Code\Trigger\AndroidManifest.xml:4:5-46
	android:versionName
		ADDED from Sample Code\Trigger\AndroidManifest.xml:6:5-30
		INJECTED from Sample Code\Trigger\AndroidManifest.xml
		INJECTED from Sample Code\Trigger\AndroidManifest.xml
	xmlns:tools
		ADDED from Sample Code\Trigger\AndroidManifest.xml:3:11-57
	android:versionCode
		ADDED from Sample Code\Trigger\AndroidManifest.xml:5:5-28
		INJECTED from Sample Code\Trigger\AndroidManifest.xml
		INJECTED from Sample Code\Trigger\AndroidManifest.xml
	xmlns:android
		ADDED from Sample Code\Trigger\AndroidManifest.xml:2:11-69
uses-sdk
ADDED from Sample Code\Trigger\AndroidManifest.xml:8:5-10:41
MERGED from [Android ASCII 2.4 SDK v1.4.7:DeviceList:unspecified] AndroidManifest.xml:7:5-9:41
MERGED from [com.android.support:appcompat-v7:25.3.1] AndroidManifest.xml:21:5-23:78
MERGED from [com.android.support:support-v4:25.3.1] AndroidManifest.xml:21:5-23:54
MERGED from [com.android.support:support-fragment:25.3.1] AndroidManifest.xml:21:5-23:60
MERGED from [com.android.support:support-media-compat:25.3.1] AndroidManifest.xml:21:5-23:63
MERGED from [com.android.support:support-core-ui:25.3.1] AndroidManifest.xml:21:5-23:58
MERGED from [com.android.support:support-core-utils:25.3.1] AndroidManifest.xml:21:5-23:61
MERGED from [com.android.support:animated-vector-drawable:25.3.1] AndroidManifest.xml:20:5-44
MERGED from [com.android.support:support-vector-drawable:25.3.1] AndroidManifest.xml:20:5-43
MERGED from [com.android.support:support-compat:25.3.1] AndroidManifest.xml:21:5-23:58
MERGED from [Android ASCII 2.4 SDK v1.4.7:Rfid.AsciiProtocol-Library:unspecified] AndroidManifest.xml:7:5-9:41
	tools:overrideLibrary
		ADDED from [com.android.support:appcompat-v7:25.3.1] AndroidManifest.xml:23:9-75
	android:targetSdkVersion
		ADDED from Sample Code\Trigger\AndroidManifest.xml:10:9-38
	android:minSdkVersion
		ADDED from Sample Code\Trigger\AndroidManifest.xml:9:9-35
uses-permission#android.permission.BLUETOOTH_ADMIN
ADDED from Sample Code\Trigger\AndroidManifest.xml:12:5-73
MERGED from [Android ASCII 2.4 SDK v1.4.7:Rfid.AsciiProtocol-Library:unspecified] AndroidManifest.xml:12:5-74
	android:name
		ADDED from Sample Code\Trigger\AndroidManifest.xml:12:22-71
uses-permission#android.permission.BLUETOOTH
ADDED from Sample Code\Trigger\AndroidManifest.xml:13:5-67
MERGED from [Android ASCII 2.4 SDK v1.4.7:Rfid.AsciiProtocol-Library:unspecified] AndroidManifest.xml:11:5-68
	android:name
		ADDED from Sample Code\Trigger\AndroidManifest.xml:13:22-65
uses-permission#android.permission.ACCESS_COARSE_LOCATION
ADDED from Sample Code\Trigger\AndroidManifest.xml:14:5-81
	android:name
		ADDED from Sample Code\Trigger\AndroidManifest.xml:14:22-78
application
ADDED from Sample Code\Trigger\AndroidManifest.xml:16:5-37:19
MERGED from [Android ASCII 2.4 SDK v1.4.7:DeviceList:unspecified] AndroidManifest.xml:11:5-22:19
MERGED from [com.android.support:appcompat-v7:25.3.1] AndroidManifest.xml:29:5-20
MERGED from [com.android.support:support-v4:25.3.1] AndroidManifest.xml:29:5-20
MERGED from [com.android.support:support-fragment:25.3.1] AndroidManifest.xml:29:5-20
MERGED from [com.android.support:support-media-compat:25.3.1] AndroidManifest.xml:29:5-20
MERGED from [com.android.support:support-core-ui:25.3.1] AndroidManifest.xml:29:5-20
MERGED from [com.android.support:support-core-utils:25.3.1] AndroidManifest.xml:29:5-20
MERGED from [com.android.support:animated-vector-drawable:25.3.1] AndroidManifest.xml:26:5-20
MERGED from [com.android.support:support-vector-drawable:25.3.1] AndroidManifest.xml:26:5-20
MERGED from [com.android.support:support-compat:25.3.1] AndroidManifest.xml:29:5-20
MERGED from [Android ASCII 2.4 SDK v1.4.7:Rfid.AsciiProtocol-Library:unspecified] AndroidManifest.xml:14:5-18:19
	android:label
		ADDED from Sample Code\Trigger\AndroidManifest.xml:19:9-41
	android:allowBackup
		ADDED from Sample Code\Trigger\AndroidManifest.xml:17:9-35
	android:icon
		ADDED from Sample Code\Trigger\AndroidManifest.xml:18:9-45
	android:theme
		ADDED from Sample Code\Trigger\AndroidManifest.xml:20:9-53
	android:name
		ADDED from Sample Code\Trigger\AndroidManifest.xml:21:9-69
activity#com.uk.tsl.rfid.samples.trigger.TriggerActivity
ADDED from Sample Code\Trigger\AndroidManifest.xml:22:9-31:20
	android:label
		ADDED from Sample Code\Trigger\AndroidManifest.xml:25:13-45
	android:theme
		ADDED from Sample Code\Trigger\AndroidManifest.xml:24:13-57
	android:name
		ADDED from Sample Code\Trigger\AndroidManifest.xml:23:13-75
intent-filter#android.intent.action.MAIN+android.intent.category.LAUNCHER
ADDED from Sample Code\Trigger\AndroidManifest.xml:26:13-30:29
action#android.intent.action.MAIN
ADDED from Sample Code\Trigger\AndroidManifest.xml:27:17-69
	android:name
		ADDED from Sample Code\Trigger\AndroidManifest.xml:27:25-66
category#android.intent.category.LAUNCHER
ADDED from Sample Code\Trigger\AndroidManifest.xml:29:17-77
	android:name
		ADDED from Sample Code\Trigger\AndroidManifest.xml:29:27-74
activity#com.uk.tsl.rfid.DeviceListActivity
ADDED from Sample Code\Trigger\AndroidManifest.xml:32:9-36:20
MERGED from [Android ASCII 2.4 SDK v1.4.7:DeviceList:unspecified] AndroidManifest.xml:15:9-21:20
	android:label
		ADDED from [Android ASCII 2.4 SDK v1.4.7:DeviceList:unspecified] AndroidManifest.xml:19:13-50
	android:configChanges
		ADDED from Sample Code\Trigger\AndroidManifest.xml:34:13-63
	android:icon
		ADDED from [Android ASCII 2.4 SDK v1.4.7:DeviceList:unspecified] AndroidManifest.xml:18:13-49
	android:theme
		ADDED from Sample Code\Trigger\AndroidManifest.xml:35:13-56
	android:name
		ADDED from Sample Code\Trigger\AndroidManifest.xml:33:13-62
meta-data#android.support.VERSION
ADDED from [com.android.support:appcompat-v7:25.3.1] AndroidManifest.xml:25:5-27:34
MERGED from [com.android.support:support-v4:25.3.1] AndroidManifest.xml:25:5-27:34
MERGED from [com.android.support:support-fragment:25.3.1] AndroidManifest.xml:25:5-27:34
MERGED from [com.android.support:support-media-compat:25.3.1] AndroidManifest.xml:25:5-27:34
MERGED from [com.android.support:support-core-ui:25.3.1] AndroidManifest.xml:25:5-27:34
MERGED from [com.android.support:support-core-utils:25.3.1] AndroidManifest.xml:25:5-27:34
MERGED from [com.android.support:animated-vector-drawable:25.3.1] AndroidManifest.xml:22:5-24:34
MERGED from [com.android.support:support-vector-drawable:25.3.1] AndroidManifest.xml:22:5-24:34
MERGED from [com.android.support:support-compat:25.3.1] AndroidManifest.xml:25:5-27:34
	android:value
		ADDED from [com.android.support:appcompat-v7:25.3.1] AndroidManifest.xml:27:9-31
	android:name
		ADDED from [com.android.support:appcompat-v7:25.3.1] AndroidManifest.xml:26:9-47